[    3282ms] [INFO] %cDownload the React DevTools for a better development experience: https://react.dev/link/react-devtools font-weight:bold @ http://localhost:3100/_next/static/chunks/node_modules_next_dist_115brz8._.js:2477
[    3422ms] [LOG] [HMR] connected @ http://localhost:3100/_next/static/chunks/node_modules_next_dist_115brz8._.js:2477
[    4753ms] [LOG] [Fast Refresh] rebuilding @ http://localhost:3100/_next/static/chunks/node_modules_next_dist_115brz8._.js:2477
[    4815ms] [LOG] [Fast Refresh] done in 169ms @ http://localhost:3100/_next/static/chunks/node_modules_next_dist_115brz8._.js:2477
[    9431ms] [LOG] [Fast Refresh] rebuilding @ http://localhost:3100/_next/static/chunks/node_modules_next_dist_115brz8._.js:2477
[    9635ms] [LOG] [Fast Refresh] done in 304ms @ http://localhost:3100/_next/static/chunks/node_modules_next_dist_115brz8._.js:2477
[    9745ms] [LOG] [Fast Refresh] rebuilding @ http://localhost:3100/_next/static/chunks/node_modules_next_dist_115brz8._.js:2477
[    9802ms] [LOG] [Fast Refresh] done in 160ms @ http://localhost:3100/_next/static/chunks/node_modules_next_dist_115brz8._.js:2477
[   10076ms] [LOG] [Fast Refresh] rebuilding @ http://localhost:3100/_next/static/chunks/node_modules_next_dist_115brz8._.js:2477
[   10114ms] [LOG] [Fast Refresh] done in 146ms @ http://localhost:3100/_next/static/chunks/node_modules_next_dist_115brz8._.js:2477
[   32364ms] [LOG] [Fast Refresh] rebuilding @ http://localhost:3100/_next/static/chunks/node_modules_next_dist_115brz8._.js:2477
[   32704ms] [LOG] [Fast Refresh] done in 445ms @ http://localhost:3100/_next/static/chunks/node_modules_next_dist_115brz8._.js:2477
[   32823ms] [LOG] [Fast Refresh] rebuilding @ http://localhost:3100/_next/static/chunks/node_modules_next_dist_115brz8._.js:2477
[   33003ms] [LOG] [Fast Refresh] done in 283ms @ http://localhost:3100/_next/static/chunks/node_modules_next_dist_115brz8._.js:2477
[   33108ms] [LOG] [Fast Refresh] rebuilding @ http://localhost:3100/_next/static/chunks/node_modules_next_dist_115brz8._.js:2477
[   33139ms] [LOG] [Fast Refresh] done in 132ms @ http://localhost:3100/_next/static/chunks/node_modules_next_dist_115brz8._.js:2477
[   33247ms] [LOG] [Fast Refresh] rebuilding @ http://localhost:3100/_next/static/chunks/node_modules_next_dist_115brz8._.js:2477
[   33303ms] [LOG] [Fast Refresh] done in 161ms @ http://localhost:3100/_next/static/chunks/node_modules_next_dist_115brz8._.js:2477
[   46570ms] [LOG] [Fast Refresh] rebuilding @ http://localhost:3100/_next/static/chunks/node_modules_next_dist_115brz8._.js:2477
[   46653ms] [LOG] [Fast Refresh] done in 188ms @ http://localhost:3100/_next/static/chunks/node_modules_next_dist_115brz8._.js:2477
[   63780ms] [ERROR] WebSocket connection to 'ws://localhost:3100/_next/webpack-hmr?id=gQOdX8f8bxqOffRUFB0aI' failed: Error in connection establishment: net::ERR_CONNECTION_REFUSED @ http://localhost:3100/_next/static/chunks/node_modules_next_dist_client_0fhqo1d._.js:13322
[   67097ms] [ERROR] WebSocket connection to 'ws://localhost:3100/_next/webpack-hmr?id=gQOdX8f8bxqOffRUFB0aI' failed: Error in connection establishment: net::ERR_CONNECTION_REFUSED @ http://localhost:3100/_next/static/chunks/node_modules_next_dist_client_0fhqo1d._.js:13322
[   70429ms] [ERROR] WebSocket connection to 'ws://localhost:3100/_next/webpack-hmr?id=gQOdX8f8bxqOffRUFB0aI' failed: Error in connection establishment: net::ERR_CONNECTION_REFUSED @ http://localhost:3100/_next/static/chunks/node_modules_next_dist_client_0fhqo1d._.js:13322
[   73783ms] [ERROR] WebSocket connection to 'ws://localhost:3100/_next/webpack-hmr?id=gQOdX8f8bxqOffRUFB0aI' failed: Error in connection establishment: net::ERR_CONNECTION_REFUSED @ http://localhost:3100/_next/static/chunks/node_modules_next_dist_client_0fhqo1d._.js:13322
[   77118ms] [ERROR] WebSocket connection to 'ws://localhost:3100/_next/webpack-hmr?id=gQOdX8f8bxqOffRUFB0aI' failed: Error in connection establishment: net::ERR_CONNECTION_REFUSED @ http://localhost:3100/_next/static/chunks/node_modules_next_dist_client_0fhqo1d._.js:13322
[   84459ms] [ERROR] WebSocket connection to 'ws://localhost:3100/_next/webpack-hmr?id=gQOdX8f8bxqOffRUFB0aI' failed: Error in connection establishment: net::ERR_CONNECTION_REFUSED @ http://localhost:3100/_next/static/chunks/node_modules_next_dist_client_0fhqo1d._.js:13322
[   91805ms] [ERROR] WebSocket connection to 'ws://localhost:3100/_next/webpack-hmr?id=gQOdX8f8bxqOffRUFB0aI' failed: Error in connection establishment: net::ERR_CONNECTION_REFUSED @ http://localhost:3100/_next/static/chunks/node_modules_next_dist_client_0fhqo1d._.js:13322
[   99137ms] [ERROR] WebSocket connection to 'ws://localhost:3100/_next/webpack-hmr?id=gQOdX8f8bxqOffRUFB0aI' failed: Error in connection establishment: net::ERR_CONNECTION_REFUSED @ http://localhost:3100/_next/static/chunks/node_modules_next_dist_client_0fhqo1d._.js:13322
[  106512ms] [ERROR] WebSocket connection to 'ws://localhost:3100/_next/webpack-hmr?id=gQOdX8f8bxqOffRUFB0aI' failed: Error in connection establishment: net::ERR_CONNECTION_REFUSED @ http://localhost:3100/_next/static/chunks/node_modules_next_dist_client_0fhqo1d._.js:13322
[  113847ms] [ERROR] WebSocket connection to 'ws://localhost:3100/_next/webpack-hmr?id=gQOdX8f8bxqOffRUFB0aI' failed: Error in connection establishment: net::ERR_CONNECTION_REFUSED @ http://localhost:3100/_next/static/chunks/node_modules_next_dist_client_0fhqo1d._.js:13322
[  121196ms] [ERROR] WebSocket connection to 'ws://localhost:3100/_next/webpack-hmr?id=gQOdX8f8bxqOffRUFB0aI' failed: Error in connection establishment: net::ERR_CONNECTION_REFUSED @ http://localhost:3100/_next/static/chunks/node_modules_next_dist_client_0fhqo1d._.js:13322
[  128560ms] [ERROR] WebSocket connection to 'ws://localhost:3100/_next/webpack-hmr?id=gQOdX8f8bxqOffRUFB0aI' failed: Error in connection establishment: net::ERR_CONNECTION_REFUSED @ http://localhost:3100/_next/static/chunks/node_modules_next_dist_client_0fhqo1d._.js:13322
