[0525/190323.605:INFO:CONSOLE:2] "Widget Version 2026.01.10000000002", source: https://widget.prod.equally.ai/equally-widget.min.js (2)
[0525/190324.075:INFO:CONSOLE:3] "Possibly unhandled rejection: not login on this session", source: https://d226b0iufwcjmj.cloudfront.net/frontend/0.1.976/vendors.js (3)
[0525/190324.075:INFO:CONSOLE:3] "Possibly unhandled rejection: not login on this session", source: https://d226b0iufwcjmj.cloudfront.net/frontend/0.1.976/vendors.js (3)
[0525/190324.080:INFO:CONSOLE:3] "Possibly unhandled rejection: not login on this session", source: https://d226b0iufwcjmj.cloudfront.net/frontend/0.1.976/vendors.js (3)
[0525/190324.080:INFO:CONSOLE:3] "Possibly unhandled rejection: not login on this session", source: https://d226b0iufwcjmj.cloudfront.net/frontend/0.1.976/vendors.js (3)
[0525/190324.163:INFO:CONSOLE:3] "ניתן לבחור את זמן המשלוח בשלב סיום הקניה (ניתן לבחור את זמן המשלוח בשלב סיום הקניה) עברית", source: https://d226b0iufwcjmj.cloudfront.net/frontend/0.1.976/vendors.js (3)
[0525/190324.171:INFO:CONSOLE:3] "ביטול עסקה (ביטול עסקה) עברית", source: https://d226b0iufwcjmj.cloudfront.net/frontend/0.1.976/vendors.js (3)
[0525/190324.189:INFO:CONSOLE:3] "ניתן לבחור את זמן המשלוח בשלב סיום הקניה (ניתן לבחור את זמן המשלוח בשלב סיום הקניה) עברית", source: https://d226b0iufwcjmj.cloudfront.net/frontend/0.1.976/vendors.js (3)
[0525/190324.189:INFO:CONSOLE:3] "ביטול עסקה (ביטול עסקה) עברית", source: https://d226b0iufwcjmj.cloudfront.net/frontend/0.1.976/vendors.js (3)
[0525/190324.192:INFO:CONSOLE:3] "ניתן לבחור את זמן המשלוח בשלב סיום הקניה (ניתן לבחור את זמן המשלוח בשלב סיום הקניה) עברית", source: https://d226b0iufwcjmj.cloudfront.net/frontend/0.1.976/vendors.js (3)
[0525/190324.193:INFO:CONSOLE:3] "ביטול עסקה (ביטול עסקה) עברית", source: https://d226b0iufwcjmj.cloudfront.net/frontend/0.1.976/vendors.js (3)
[0525/190324.196:INFO:CONSOLE:3] "ניתן לבחור את זמן המשלוח בשלב סיום הקניה (ניתן לבחור את זמן המשלוח בשלב סיום הקניה) עברית", source: https://d226b0iufwcjmj.cloudfront.net/frontend/0.1.976/vendors.js (3)
[0525/190324.211:INFO:CONSOLE:3] "ניתן לבחור את זמן המשלוח בשלב סיום הקניה (ניתן לבחור את זמן המשלוח בשלב סיום הקניה) עברית", source: https://d226b0iufwcjmj.cloudfront.net/frontend/0.1.976/vendors.js (3)
[0525/190324.254:INFO:CONSOLE:3] "Possibly unhandled rejection: not login on this session", source: https://d226b0iufwcjmj.cloudfront.net/frontend/0.1.976/vendors.js (3)
[0525/190324.255:INFO:CONSOLE:3] "Possibly unhandled rejection: not login on this session", source: https://d226b0iufwcjmj.cloudfront.net/frontend/0.1.976/vendors.js (3)
[0525/190324.255:INFO:CONSOLE:3] "Possibly unhandled rejection: not login on this session", source: https://d226b0iufwcjmj.cloudfront.net/frontend/0.1.976/vendors.js (3)
[0525/190324.255:INFO:CONSOLE:3] "Possibly unhandled rejection: not login on this session", source: https://d226b0iufwcjmj.cloudfront.net/frontend/0.1.976/vendors.js (3)
[0525/190324.290:INFO:CONSOLE:3] "ניתן לבחור את זמן המשלוח בשלב סיום הקניה (ניתן לבחור את זמן המשלוח בשלב סיום הקניה) עברית", source: https://d226b0iufwcjmj.cloudfront.net/frontend/0.1.976/vendors.js (3)
[0525/190324.308:INFO:CONSOLE:3] "ניתן לבחור את זמן המשלוח בשלב סיום הקניה (ניתן לבחור את זמן המשלוח בשלב סיום הקניה) עברית", source: https://d226b0iufwcjmj.cloudfront.net/frontend/0.1.976/vendors.js (3)
[0525/190324.315:INFO:CONSOLE:3] "ניתן לבחור את זמן המשלוח בשלב סיום הקניה (ניתן לבחור את זמן המשלוח בשלב סיום הקניה) עברית", source: https://d226b0iufwcjmj.cloudfront.net/frontend/0.1.976/vendors.js (3)
[0525/190324.317:INFO:CONSOLE:3] "ניתן לבחור את זמן המשלוח בשלב סיום הקניה (ניתן לבחור את זמן המשלוח בשלב סיום הקניה) עברית", source: https://d226b0iufwcjmj.cloudfront.net/frontend/0.1.976/vendors.js (3)
[0525/190324.320:INFO:CONSOLE:3] "ניתן לבחור את זמן המשלוח בשלב סיום הקניה (ניתן לבחור את זמן המשלוח בשלב סיום הקניה) עברית", source: https://d226b0iufwcjmj.cloudfront.net/frontend/0.1.976/vendors.js (3)
[0525/190324.324:INFO:CONSOLE:3] "ניתן לבחור את זמן המשלוח בשלב סיום הקניה (ניתן לבחור את זמן המשלוח בשלב סיום הקניה) עברית", source: https://d226b0iufwcjmj.cloudfront.net/frontend/0.1.976/vendors.js (3)
[0525/190324.585:INFO:CONSOLE:1626] "Google Maps JavaScript API has been loaded directly without loading=async. This can result in suboptimal performance. For best-practice loading patterns please see https://goo.gle/js-api-loading", source: https://maps.googleapis.com/maps/api/js?libraries=places,drawing,geometry&key=AIzaSyBY2VE7c29hE1NG9OhwFzSWTZtjmmYjpBM&callback=window.spGoogleMaps._onload&language=iw (1626)
[0525/190324.622:INFO:CONSOLE:3] "ניתן לבחור את זמן המשלוח בשלב סיום הקניה (ניתן לבחור את זמן המשלוח בשלב סיום הקניה) עברית", source: https://d226b0iufwcjmj.cloudfront.net/frontend/0.1.976/vendors.js (3)
[0525/190324.624:INFO:CONSOLE:3] "ניתן לבחור את זמן המשלוח בשלב סיום הקניה (ניתן לבחור את זמן המשלוח בשלב סיום הקניה) עברית", source: https://d226b0iufwcjmj.cloudfront.net/frontend/0.1.976/vendors.js (3)
[0525/190324.626:INFO:CONSOLE:3] "ניתן לבחור את זמן המשלוח בשלב סיום הקניה (ניתן לבחור את זמן המשלוח בשלב סיום הקניה) עברית", source: https://d226b0iufwcjmj.cloudfront.net/frontend/0.1.976/vendors.js (3)
[0525/190324.718:INFO:CONSOLE:3] "ניתן לבחור את זמן המשלוח בשלב סיום הקניה (ניתן לבחור את זמן המשלוח בשלב סיום הקניה) עברית", source: https://d226b0iufwcjmj.cloudfront.net/frontend/0.1.976/vendors.js (3)
[0525/190324.829:INFO:CONSOLE:3] "ניתן לבחור את זמן המשלוח בשלב סיום הקניה (ניתן לבחור את זמן המשלוח בשלב סיום הקניה) עברית", source: https://d226b0iufwcjmj.cloudfront.net/frontend/0.1.976/vendors.js (3)
[0525/190324.840:INFO:CONSOLE:3] "ניתן לבחור את זמן המשלוח בשלב סיום הקניה (ניתן לבחור את זמן המשלוח בשלב סיום הקניה) עברית", source: https://d226b0iufwcjmj.cloudfront.net/frontend/0.1.976/vendors.js (3)
[0525/190324.922:INFO:CONSOLE:3] "ניתן לבחור את זמן המשלוח בשלב סיום הקניה (ניתן לבחור את זמן המשלוח בשלב סיום הקניה) עברית", source: https://d226b0iufwcjmj.cloudfront.net/frontend/0.1.976/vendors.js (3)
[0525/190324.925:INFO:CONSOLE:3] "ניתן לבחור את זמן המשלוח בשלב סיום הקניה (ניתן לבחור את זמן המשלוח בשלב סיום הקניה) עברית", source: https://d226b0iufwcjmj.cloudfront.net/frontend/0.1.976/vendors.js (3)
[0525/190324.925:INFO:CONSOLE:3] "ניתן לבחור את זמן המשלוח בשלב סיום הקניה (ניתן לבחור את זמן המשלוח בשלב סיום הקניה) עברית", source: https://d226b0iufwcjmj.cloudfront.net/frontend/0.1.976/vendors.js (3)
[0525/190324.926:INFO:CONSOLE:3] "ניתן לבחור את זמן המשלוח בשלב סיום הקניה (ניתן לבחור את זמן המשלוח בשלב סיום הקניה) עברית", source: https://d226b0iufwcjmj.cloudfront.net/frontend/0.1.976/vendors.js (3)
[0525/190324.927:INFO:CONSOLE:3] "ניתן לבחור את זמן המשלוח בשלב סיום הקניה (ניתן לבחור את זמן המשלוח בשלב סיום הקניה) עברית", source: https://d226b0iufwcjmj.cloudfront.net/frontend/0.1.976/vendors.js (3)
[0525/190324.928:INFO:CONSOLE:3] "ניתן לבחור את זמן המשלוח בשלב סיום הקניה (ניתן לבחור את זמן המשלוח בשלב סיום הקניה) עברית", source: https://d226b0iufwcjmj.cloudfront.net/frontend/0.1.976/vendors.js (3)
[0525/190324.944:INFO:CONSOLE:3] "ניתן לבחור את זמן המשלוח בשלב סיום הקניה (ניתן לבחור את זמן המשלוח בשלב סיום הקניה) עברית", source: https://d226b0iufwcjmj.cloudfront.net/frontend/0.1.976/vendors.js (3)
[0525/190324.944:INFO:CONSOLE:3] "ניתן לבחור את זמן המשלוח בשלב סיום הקניה (ניתן לבחור את זמן המשלוח בשלב סיום הקניה) עברית", source: https://d226b0iufwcjmj.cloudfront.net/frontend/0.1.976/vendors.js (3)
[0525/190324.944:INFO:CONSOLE:3] "ניתן לבחור את זמן המשלוח בשלב סיום הקניה (ניתן לבחור את זמן המשלוח בשלב סיום הקניה) עברית", source: https://d226b0iufwcjmj.cloudfront.net/frontend/0.1.976/vendors.js (3)
[0525/190324.945:INFO:CONSOLE:3] "ניתן לבחור את זמן המשלוח בשלב סיום הקניה (ניתן לבחור את זמן המשלוח בשלב סיום הקניה) עברית", source: https://d226b0iufwcjmj.cloudfront.net/frontend/0.1.976/vendors.js (3)
[0525/190324.946:INFO:CONSOLE:3] "ניתן לבחור את זמן המשלוח בשלב סיום הקניה (ניתן לבחור את זמן המשלוח בשלב סיום הקניה) עברית", source: https://d226b0iufwcjmj.cloudfront.net/frontend/0.1.976/vendors.js (3)
[0525/190324.946:INFO:CONSOLE:3] "ניתן לבחור את זמן המשלוח בשלב סיום הקניה (ניתן לבחור את זמן המשלוח בשלב סיום הקניה) עברית", source: https://d226b0iufwcjmj.cloudfront.net/frontend/0.1.976/vendors.js (3)
[0525/190324.959:INFO:CONSOLE:3] "ניתן לבחור את זמן המשלוח בשלב סיום הקניה (ניתן לבחור את זמן המשלוח בשלב סיום הקניה) עברית", source: https://d226b0iufwcjmj.cloudfront.net/frontend/0.1.976/vendors.js (3)
[0525/190324.960:INFO:CONSOLE:3] "ניתן לבחור את זמן המשלוח בשלב סיום הקניה (ניתן לבחור את זמן המשלוח בשלב סיום הקניה) עברית", source: https://d226b0iufwcjmj.cloudfront.net/frontend/0.1.976/vendors.js (3)
[0525/190324.960:INFO:CONSOLE:3] "ניתן לבחור את זמן המשלוח בשלב סיום הקניה (ניתן לבחור את זמן המשלוח בשלב סיום הקניה) עברית", source: https://d226b0iufwcjmj.cloudfront.net/frontend/0.1.976/vendors.js (3)
[0525/190324.961:INFO:CONSOLE:3] "ניתן לבחור את זמן המשלוח בשלב סיום הקניה (ניתן לבחור את זמן המשלוח בשלב סיום הקניה) עברית", source: https://d226b0iufwcjmj.cloudfront.net/frontend/0.1.976/vendors.js (3)
[0525/190325.252:INFO:CONSOLE:3] "ניתן לבחור את זמן המשלוח בשלב סיום הקניה (ניתן לבחור את זמן המשלוח בשלב סיום הקניה) עברית", source: https://d226b0iufwcjmj.cloudfront.net/frontend/0.1.976/vendors.js (3)
[0525/190325.252:INFO:CONSOLE:3] "ניתן לבחור את זמן המשלוח בשלב סיום הקניה (ניתן לבחור את זמן המשלוח בשלב סיום הקניה) עברית", source: https://d226b0iufwcjmj.cloudfront.net/frontend/0.1.976/vendors.js (3)
[0525/190325.252:INFO:CONSOLE:3] "ניתן לבחור את זמן המשלוח בשלב סיום הקניה (ניתן לבחור את זמן המשלוח בשלב סיום הקניה) עברית", source: https://d226b0iufwcjmj.cloudfront.net/frontend/0.1.976/vendors.js (3)
[0525/190325.264:INFO:CONSOLE:3] "ניתן לבחור את זמן המשלוח בשלב סיום הקניה (ניתן לבחור את זמן המשלוח בשלב סיום הקניה) עברית", source: https://d226b0iufwcjmj.cloudfront.net/frontend/0.1.976/vendors.js (3)
[0525/190325.264:INFO:CONSOLE:3] "ניתן לבחור את זמן המשלוח בשלב סיום הקניה (ניתן לבחור את זמן המשלוח בשלב סיום הקניה) עברית", source: https://d226b0iufwcjmj.cloudfront.net/frontend/0.1.976/vendors.js (3)
[0525/190325.264:INFO:CONSOLE:3] "ניתן לבחור את זמן המשלוח בשלב סיום הקניה (ניתן לבחור את זמן המשלוח בשלב סיום הקניה) עברית", source: https://d226b0iufwcjmj.cloudfront.net/frontend/0.1.976/vendors.js (3)
[0525/190325.270:INFO:CONSOLE:3] "ניתן לבחור את זמן המשלוח בשלב סיום הקניה (ניתן לבחור את זמן המשלוח בשלב סיום הקניה) עברית", source: https://d226b0iufwcjmj.cloudfront.net/frontend/0.1.976/vendors.js (3)
[0525/190325.270:INFO:CONSOLE:3] "ניתן לבחור את זמן המשלוח בשלב סיום הקניה (ניתן לבחור את זמן המשלוח בשלב סיום הקניה) עברית", source: https://d226b0iufwcjmj.cloudfront.net/frontend/0.1.976/vendors.js (3)
[0525/190325.270:INFO:CONSOLE:3] "ניתן לבחור את זמן המשלוח בשלב סיום הקניה (ניתן לבחור את זמן המשלוח בשלב סיום הקניה) עברית", source: https://d226b0iufwcjmj.cloudfront.net/frontend/0.1.976/vendors.js (3)
[0525/190325.279:INFO:CONSOLE:3] "ניתן לבחור את זמן המשלוח בשלב סיום הקניה (ניתן לבחור את זמן המשלוח בשלב סיום הקניה) עברית", source: https://d226b0iufwcjmj.cloudfront.net/frontend/0.1.976/vendors.js (3)
[0525/190325.279:INFO:CONSOLE:3] "ניתן לבחור את זמן המשלוח בשלב סיום הקניה (ניתן לבחור את זמן המשלוח בשלב סיום הקניה) עברית", source: https://d226b0iufwcjmj.cloudfront.net/frontend/0.1.976/vendors.js (3)
[0525/190325.279:INFO:CONSOLE:3] "ניתן לבחור את זמן המשלוח בשלב סיום הקניה (ניתן לבחור את זמן המשלוח בשלב סיום הקניה) עברית", source: https://d226b0iufwcjmj.cloudfront.net/frontend/0.1.976/vendors.js (3)
[0525/190325.281:INFO:CONSOLE:3] "Possibly unhandled rejection: not login on this session", source: https://d226b0iufwcjmj.cloudfront.net/frontend/0.1.976/vendors.js (3)
[0525/190325.290:INFO:CONSOLE:3] "ניתן לבחור את זמן המשלוח בשלב סיום הקניה (ניתן לבחור את זמן המשלוח בשלב סיום הקניה) עברית", source: https://d226b0iufwcjmj.cloudfront.net/frontend/0.1.976/vendors.js (3)
[0525/190325.290:INFO:CONSOLE:3] "ניתן לבחור את זמן המשלוח בשלב סיום הקניה (ניתן לבחור את זמן המשלוח בשלב סיום הקניה) עברית", source: https://d226b0iufwcjmj.cloudfront.net/frontend/0.1.976/vendors.js (3)
[0525/190325.290:INFO:CONSOLE:3] "ניתן לבחור את זמן המשלוח בשלב סיום הקניה (ניתן לבחור את זמן המשלוח בשלב סיום הקניה) עברית", source: https://d226b0iufwcjmj.cloudfront.net/frontend/0.1.976/vendors.js (3)
[0525/190325.363:INFO:CONSOLE:3] "ניתן לבחור את זמן המשלוח בשלב סיום הקניה (ניתן לבחור את זמן המשלוח בשלב סיום הקניה) עברית", source: https://d226b0iufwcjmj.cloudfront.net/frontend/0.1.976/vendors.js (3)
[0525/190325.363:INFO:CONSOLE:3] "ניתן לבחור את זמן המשלוח בשלב סיום הקניה (ניתן לבחור את זמן המשלוח בשלב סיום הקניה) עברית", source: https://d226b0iufwcjmj.cloudfront.net/frontend/0.1.976/vendors.js (3)
[0525/190325.363:INFO:CONSOLE:3] "ניתן לבחור את זמן המשלוח בשלב סיום הקניה (ניתן לבחור את זמן המשלוח בשלב סיום הקניה) עברית", source: https://d226b0iufwcjmj.cloudfront.net/frontend/0.1.976/vendors.js (3)
[0525/190325.365:INFO:CONSOLE:3] "ניתן לבחור את זמן המשלוח בשלב סיום הקניה (ניתן לבחור את זמן המשלוח בשלב סיום הקניה) עברית", source: https://d226b0iufwcjmj.cloudfront.net/frontend/0.1.976/vendors.js (3)
[0525/190325.365:INFO:CONSOLE:3] "ניתן לבחור את זמן המשלוח בשלב סיום הקניה (ניתן לבחור את זמן המשלוח בשלב סיום הקניה) עברית", source: https://d226b0iufwcjmj.cloudfront.net/frontend/0.1.976/vendors.js (3)
[0525/190325.365:INFO:CONSOLE:3] "ניתן לבחור את זמן המשלוח בשלב סיום הקניה (ניתן לבחור את זמן המשלוח בשלב סיום הקניה) עברית", source: https://d226b0iufwcjmj.cloudfront.net/frontend/0.1.976/vendors.js (3)
[0525/190325.377:INFO:CONSOLE:3] "ניתן לבחור את זמן המשלוח בשלב סיום הקניה (ניתן לבחור את זמן המשלוח בשלב סיום הקניה) עברית", source: https://d226b0iufwcjmj.cloudfront.net/frontend/0.1.976/vendors.js (3)
[0525/190325.377:INFO:CONSOLE:3] "ניתן לבחור את זמן המשלוח בשלב סיום הקניה (ניתן לבחור את זמן המשלוח בשלב סיום הקניה) עברית", source: https://d226b0iufwcjmj.cloudfront.net/frontend/0.1.976/vendors.js (3)
[0525/190325.377:INFO:CONSOLE:3] "ניתן לבחור את זמן המשלוח בשלב סיום הקניה (ניתן לבחור את זמן המשלוח בשלב סיום הקניה) עברית", source: https://d226b0iufwcjmj.cloudfront.net/frontend/0.1.976/vendors.js (3)
[0525/190325.388:INFO:CONSOLE:3] "ניתן לבחור את זמן המשלוח בשלב סיום הקניה (ניתן לבחור את זמן המשלוח בשלב סיום הקניה) עברית", source: https://d226b0iufwcjmj.cloudfront.net/frontend/0.1.976/vendors.js (3)
[0525/190325.388:INFO:CONSOLE:3] "ניתן לבחור את זמן המשלוח בשלב סיום הקניה (ניתן לבחור את זמן המשלוח בשלב סיום הקניה) עברית", source: https://d226b0iufwcjmj.cloudfront.net/frontend/0.1.976/vendors.js (3)
[0525/190325.388:INFO:CONSOLE:3] "ניתן לבחור את זמן המשלוח בשלב סיום הקניה (ניתן לבחור את זמן המשלוח בשלב סיום הקניה) עברית", source: https://d226b0iufwcjmj.cloudfront.net/frontend/0.1.976/vendors.js (3)
[0525/190325.397:INFO:CONSOLE:3] "ניתן לבחור את זמן המשלוח בשלב סיום הקניה (ניתן לבחור את זמן המשלוח בשלב סיום הקניה) עברית", source: https://d226b0iufwcjmj.cloudfront.net/frontend/0.1.976/vendors.js (3)
[0525/190325.398:INFO:CONSOLE:3] "ניתן לבחור את זמן המשלוח בשלב סיום הקניה (ניתן לבחור את זמן המשלוח בשלב סיום הקניה) עברית", source: https://d226b0iufwcjmj.cloudfront.net/frontend/0.1.976/vendors.js (3)
[0525/190325.398:INFO:CONSOLE:3] "ניתן לבחור את זמן המשלוח בשלב סיום הקניה (ניתן לבחור את זמן המשלוח בשלב סיום הקניה) עברית", source: https://d226b0iufwcjmj.cloudfront.net/frontend/0.1.976/vendors.js (3)
[0525/190325.399:INFO:CONSOLE:3] "ניתן לבחור את זמן המשלוח בשלב סיום הקניה (ניתן לבחור את זמן המשלוח בשלב סיום הקניה) עברית", source: https://d226b0iufwcjmj.cloudfront.net/frontend/0.1.976/vendors.js (3)
[0525/190325.399:INFO:CONSOLE:3] "ניתן לבחור את זמן המשלוח בשלב סיום הקניה (ניתן לבחור את זמן המשלוח בשלב סיום הקניה) עברית", source: https://d226b0iufwcjmj.cloudfront.net/frontend/0.1.976/vendors.js (3)
[0525/190325.399:INFO:CONSOLE:3] "ניתן לבחור את זמן המשלוח בשלב סיום הקניה (ניתן לבחור את זמן המשלוח בשלב סיום הקניה) עברית", source: https://d226b0iufwcjmj.cloudfront.net/frontend/0.1.976/vendors.js (3)
[0525/190325.409:INFO:CONSOLE:3] "ניתן לבחור את זמן המשלוח בשלב סיום הקניה (ניתן לבחור את זמן המשלוח בשלב סיום הקניה) עברית", source: https://d226b0iufwcjmj.cloudfront.net/frontend/0.1.976/vendors.js (3)
[0525/190325.409:INFO:CONSOLE:3] "ניתן לבחור את זמן המשלוח בשלב סיום הקניה (ניתן לבחור את זמן המשלוח בשלב סיום הקניה) עברית", source: https://d226b0iufwcjmj.cloudfront.net/frontend/0.1.976/vendors.js (3)
[0525/190325.409:INFO:CONSOLE:3] "ניתן לבחור את זמן המשלוח בשלב סיום הקניה (ניתן לבחור את זמן המשלוח בשלב סיום הקניה) עברית", source: https://d226b0iufwcjmj.cloudfront.net/frontend/0.1.976/vendors.js (3)
[0525/190325.421:INFO:CONSOLE:3] "ניתן לבחור את זמן המשלוח בשלב סיום הקניה (ניתן לבחור את זמן המשלוח בשלב סיום הקניה) עברית", source: https://d226b0iufwcjmj.cloudfront.net/frontend/0.1.976/vendors.js (3)
[0525/190325.422:INFO:CONSOLE:3] "ניתן לבחור את זמן המשלוח בשלב סיום הקניה (ניתן לבחור את זמן המשלוח בשלב סיום הקניה) עברית", source: https://d226b0iufwcjmj.cloudfront.net/frontend/0.1.976/vendors.js (3)
[0525/190325.422:INFO:CONSOLE:3] "ניתן לבחור את זמן המשלוח בשלב סיום הקניה (ניתן לבחור את זמן המשלוח בשלב סיום הקניה) עברית", source: https://d226b0iufwcjmj.cloudfront.net/frontend/0.1.976/vendors.js (3)
[0525/190325.479:INFO:CONSOLE:3] "ניתן לבחור את זמן המשלוח בשלב סיום הקניה (ניתן לבחור את זמן המשלוח בשלב סיום הקניה) עברית", source: https://d226b0iufwcjmj.cloudfront.net/frontend/0.1.976/vendors.js (3)
[0525/190325.479:INFO:CONSOLE:3] "ניתן לבחור את זמן המשלוח בשלב סיום הקניה (ניתן לבחור את זמן המשלוח בשלב סיום הקניה) עברית", source: https://d226b0iufwcjmj.cloudfront.net/frontend/0.1.976/vendors.js (3)
[0525/190325.479:INFO:CONSOLE:3] "ניתן לבחור את זמן המשלוח בשלב סיום הקניה (ניתן לבחור את זמן המשלוח בשלב סיום הקניה) עברית", source: https://d226b0iufwcjmj.cloudfront.net/frontend/0.1.976/vendors.js (3)
[0525/190325.622:INFO:CONSOLE:3] "ניתן לבחור את זמן המשלוח בשלב סיום הקניה (ניתן לבחור את זמן המשלוח בשלב סיום הקניה) עברית", source: https://d226b0iufwcjmj.cloudfront.net/frontend/0.1.976/vendors.js (3)
[0525/190325.623:INFO:CONSOLE:3] "ניתן לבחור את זמן המשלוח בשלב סיום הקניה (ניתן לבחור את זמן המשלוח בשלב סיום הקניה) עברית", source: https://d226b0iufwcjmj.cloudfront.net/frontend/0.1.976/vendors.js (3)
[0525/190325.623:INFO:CONSOLE:3] "ניתן לבחור את זמן המשלוח בשלב סיום הקניה (ניתן לבחור את זמן המשלוח בשלב סיום הקניה) עברית", source: https://d226b0iufwcjmj.cloudfront.net/frontend/0.1.976/vendors.js (3)
[0525/190325.628:INFO:CONSOLE:3] "ניתן לבחור את זמן המשלוח בשלב סיום הקניה (ניתן לבחור את זמן המשלוח בשלב סיום הקניה) עברית", source: https://d226b0iufwcjmj.cloudfront.net/frontend/0.1.976/vendors.js (3)
[0525/190325.628:INFO:CONSOLE:3] "ניתן לבחור את זמן המשלוח בשלב סיום הקניה (ניתן לבחור את זמן המשלוח בשלב סיום הקניה) עברית", source: https://d226b0iufwcjmj.cloudfront.net/frontend/0.1.976/vendors.js (3)
[0525/190325.628:INFO:CONSOLE:3] "ניתן לבחור את זמן המשלוח בשלב סיום הקניה (ניתן לבחור את זמן המשלוח בשלב סיום הקניה) עברית", source: https://d226b0iufwcjmj.cloudfront.net/frontend/0.1.976/vendors.js (3)
[0525/190325.676:INFO:CONSOLE:3] "ניתן לבחור את זמן המשלוח בשלב סיום הקניה (ניתן לבחור את זמן המשלוח בשלב סיום הקניה) עברית", source: https://d226b0iufwcjmj.cloudfront.net/frontend/0.1.976/vendors.js (3)
[0525/190325.676:INFO:CONSOLE:3] "ניתן לבחור את זמן המשלוח בשלב סיום הקניה (ניתן לבחור את זמן המשלוח בשלב סיום הקניה) עברית", source: https://d226b0iufwcjmj.cloudfront.net/frontend/0.1.976/vendors.js (3)
[0525/190325.676:INFO:CONSOLE:3] "ניתן לבחור את זמן המשלוח בשלב סיום הקניה (ניתן לבחור את זמן המשלוח בשלב סיום הקניה) עברית", source: https://d226b0iufwcjmj.cloudfront.net/frontend/0.1.976/vendors.js (3)
[0525/190325.704:INFO:CONSOLE:3] "ניתן לבחור את זמן המשלוח בשלב סיום הקניה (ניתן לבחור את זמן המשלוח בשלב סיום הקניה) עברית", source: https://d226b0iufwcjmj.cloudfront.net/frontend/0.1.976/vendors.js (3)
[0525/190325.705:INFO:CONSOLE:3] "ניתן לבחור את זמן המשלוח בשלב סיום הקניה (ניתן לבחור את זמן המשלוח בשלב סיום הקניה) עברית", source: https://d226b0iufwcjmj.cloudfront.net/frontend/0.1.976/vendors.js (3)
[0525/190325.705:INFO:CONSOLE:3] "ניתן לבחור את זמן המשלוח בשלב סיום הקניה (ניתן לבחור את זמן המשלוח בשלב סיום הקניה) עברית", source: https://d226b0iufwcjmj.cloudfront.net/frontend/0.1.976/vendors.js (3)
[0525/190325.747:INFO:CONSOLE:3] "ניתן לבחור את זמן המשלוח בשלב סיום הקניה (ניתן לבחור את זמן המשלוח בשלב סיום הקניה) עברית", source: https://d226b0iufwcjmj.cloudfront.net/frontend/0.1.976/vendors.js (3)
[0525/190325.747:INFO:CONSOLE:3] "ניתן לבחור את זמן המשלוח בשלב סיום הקניה (ניתן לבחור את זמן המשלוח בשלב סיום הקניה) עברית", source: https://d226b0iufwcjmj.cloudfront.net/frontend/0.1.976/vendors.js (3)
[0525/190325.747:INFO:CONSOLE:3] "ניתן לבחור את זמן המשלוח בשלב סיום הקניה (ניתן לבחור את זמן המשלוח בשלב סיום הקניה) עברית", source: https://d226b0iufwcjmj.cloudfront.net/frontend/0.1.976/vendors.js (3)
[0525/190325.751:INFO:CONSOLE:3] "ניתן לבחור את זמן המשלוח בשלב סיום הקניה (ניתן לבחור את זמן המשלוח בשלב סיום הקניה) עברית", source: https://d226b0iufwcjmj.cloudfront.net/frontend/0.1.976/vendors.js (3)
[0525/190325.751:INFO:CONSOLE:3] "ניתן לבחור את זמן המשלוח בשלב סיום הקניה (ניתן לבחור את זמן המשלוח בשלב סיום הקניה) עברית", source: https://d226b0iufwcjmj.cloudfront.net/frontend/0.1.976/vendors.js (3)
[0525/190325.751:INFO:CONSOLE:3] "ניתן לבחור את זמן המשלוח בשלב סיום הקניה (ניתן לבחור את זמן המשלוח בשלב סיום הקניה) עברית", source: https://d226b0iufwcjmj.cloudfront.net/frontend/0.1.976/vendors.js (3)
[0525/190325.772:INFO:CONSOLE:3] "ניתן לבחור את זמן המשלוח בשלב סיום הקניה (ניתן לבחור את זמן המשלוח בשלב סיום הקניה) עברית", source: https://d226b0iufwcjmj.cloudfront.net/frontend/0.1.976/vendors.js (3)
[0525/190325.772:INFO:CONSOLE:3] "ניתן לבחור את זמן המשלוח בשלב סיום הקניה (ניתן לבחור את זמן המשלוח בשלב סיום הקניה) עברית", source: https://d226b0iufwcjmj.cloudfront.net/frontend/0.1.976/vendors.js (3)
[0525/190325.772:INFO:CONSOLE:3] "ניתן לבחור את זמן המשלוח בשלב סיום הקניה (ניתן לבחור את זמן המשלוח בשלב סיום הקניה) עברית", source: https://d226b0iufwcjmj.cloudfront.net/frontend/0.1.976/vendors.js (3)
[0525/190325.791:INFO:CONSOLE:3] "ניתן לבחור את זמן המשלוח בשלב סיום הקניה (ניתן לבחור את זמן המשלוח בשלב סיום הקניה) עברית", source: https://d226b0iufwcjmj.cloudfront.net/frontend/0.1.976/vendors.js (3)
[0525/190325.791:INFO:CONSOLE:3] "ניתן לבחור את זמן המשלוח בשלב סיום הקניה (ניתן לבחור את זמן המשלוח בשלב סיום הקניה) עברית", source: https://d226b0iufwcjmj.cloudfront.net/frontend/0.1.976/vendors.js (3)
[0525/190325.792:INFO:CONSOLE:3] "ניתן לבחור את זמן המשלוח בשלב סיום הקניה (ניתן לבחור את זמן המשלוח בשלב סיום הקניה) עברית", source: https://d226b0iufwcjmj.cloudfront.net/frontend/0.1.976/vendors.js (3)
[0525/190325.794:INFO:CONSOLE:3] "ניתן לבחור את זמן המשלוח בשלב סיום הקניה (ניתן לבחור את זמן המשלוח בשלב סיום הקניה) עברית", source: https://d226b0iufwcjmj.cloudfront.net/frontend/0.1.976/vendors.js (3)
[0525/190325.794:INFO:CONSOLE:3] "ניתן לבחור את זמן המשלוח בשלב סיום הקניה (ניתן לבחור את זמן המשלוח בשלב סיום הקניה) עברית", source: https://d226b0iufwcjmj.cloudfront.net/frontend/0.1.976/vendors.js (3)
[0525/190325.795:INFO:CONSOLE:3] "ניתן לבחור את זמן המשלוח בשלב סיום הקניה (ניתן לבחור את זמן המשלוח בשלב סיום הקניה) עברית", source: https://d226b0iufwcjmj.cloudfront.net/frontend/0.1.976/vendors.js (3)
[0525/190325.833:INFO:CONSOLE:2] "false", source: https://widget.prod.equally.ai/equally-widget.min.js (2)
[0525/190325.941:INFO:CONSOLE:3] "ניתן לבחור את זמן המשלוח בשלב סיום הקניה (ניתן לבחור את זמן המשלוח בשלב סיום הקניה) עברית", source: https://d226b0iufwcjmj.cloudfront.net/frontend/0.1.976/vendors.js (3)
[0525/190325.941:INFO:CONSOLE:3] "ניתן לבחור את זמן המשלוח בשלב סיום הקניה (ניתן לבחור את זמן המשלוח בשלב סיום הקניה) עברית", source: https://d226b0iufwcjmj.cloudfront.net/frontend/0.1.976/vendors.js (3)
[0525/190325.941:INFO:CONSOLE:3] "ניתן לבחור את זמן המשלוח בשלב סיום הקניה (ניתן לבחור את זמן המשלוח בשלב סיום הקניה) עברית", source: https://d226b0iufwcjmj.cloudfront.net/frontend/0.1.976/vendors.js (3)
[0525/190325.946:INFO:CONSOLE:3] "ניתן לבחור את זמן המשלוח בשלב סיום הקניה (ניתן לבחור את זמן המשלוח בשלב סיום הקניה) עברית", source: https://d226b0iufwcjmj.cloudfront.net/frontend/0.1.976/vendors.js (3)
[0525/190325.946:INFO:CONSOLE:3] "ניתן לבחור את זמן המשלוח בשלב סיום הקניה (ניתן לבחור את זמן המשלוח בשלב סיום הקניה) עברית", source: https://d226b0iufwcjmj.cloudfront.net/frontend/0.1.976/vendors.js (3)
[0525/190325.946:INFO:CONSOLE:3] "ניתן לבחור את זמן המשלוח בשלב סיום הקניה (ניתן לבחור את זמן המשלוח בשלב סיום הקניה) עברית", source: https://d226b0iufwcjmj.cloudfront.net/frontend/0.1.976/vendors.js (3)
[0525/190325.966:INFO:CONSOLE:3] "ניתן לבחור את זמן המשלוח בשלב סיום הקניה (ניתן לבחור את זמן המשלוח בשלב סיום הקניה) עברית", source: https://d226b0iufwcjmj.cloudfront.net/frontend/0.1.976/vendors.js (3)
[0525/190325.966:INFO:CONSOLE:3] "ניתן לבחור את זמן המשלוח בשלב סיום הקניה (ניתן לבחור את זמן המשלוח בשלב סיום הקניה) עברית", source: https://d226b0iufwcjmj.cloudfront.net/frontend/0.1.976/vendors.js (3)
[0525/190325.966:INFO:CONSOLE:3] "ניתן לבחור את זמן המשלוח בשלב סיום הקניה (ניתן לבחור את זמן המשלוח בשלב סיום הקניה) עברית", source: https://d226b0iufwcjmj.cloudfront.net/frontend/0.1.976/vendors.js (3)
[0525/190325.977:INFO:CONSOLE:3] "ניתן לבחור את זמן המשלוח בשלב סיום הקניה (ניתן לבחור את זמן המשלוח בשלב סיום הקניה) עברית", source: https://d226b0iufwcjmj.cloudfront.net/frontend/0.1.976/vendors.js (3)
[0525/190325.978:INFO:CONSOLE:3] "ניתן לבחור את זמן המשלוח בשלב סיום הקניה (ניתן לבחור את זמן המשלוח בשלב סיום הקניה) עברית", source: https://d226b0iufwcjmj.cloudfront.net/frontend/0.1.976/vendors.js (3)
[0525/190325.978:INFO:CONSOLE:3] "ניתן לבחור את זמן המשלוח בשלב סיום הקניה (ניתן לבחור את זמן המשלוח בשלב סיום הקניה) עברית", source: https://d226b0iufwcjmj.cloudfront.net/frontend/0.1.976/vendors.js (3)
[0525/190326.529:INFO:CONSOLE:3] "ניתן לבחור את זמן המשלוח בשלב סיום הקניה (ניתן לבחור את זמן המשלוח בשלב סיום הקניה) עברית", source: https://d226b0iufwcjmj.cloudfront.net/frontend/0.1.976/vendors.js (3)
[0525/190326.529:INFO:CONSOLE:3] "ניתן לבחור את זמן המשלוח בשלב סיום הקניה (ניתן לבחור את זמן המשלוח בשלב סיום הקניה) עברית", source: https://d226b0iufwcjmj.cloudfront.net/frontend/0.1.976/vendors.js (3)
[0525/190326.529:INFO:CONSOLE:3] "ניתן לבחור את זמן המשלוח בשלב סיום הקניה (ניתן לבחור את זמן המשלוח בשלב סיום הקניה) עברית", source: https://d226b0iufwcjmj.cloudfront.net/frontend/0.1.976/vendors.js (3)
[0525/190326.532:INFO:CONSOLE:3] "ניתן לבחור את זמן המשלוח בשלב סיום הקניה (ניתן לבחור את זמן המשלוח בשלב סיום הקניה) עברית", source: https://d226b0iufwcjmj.cloudfront.net/frontend/0.1.976/vendors.js (3)
[0525/190326.532:INFO:CONSOLE:3] "ניתן לבחור את זמן המשלוח בשלב סיום הקניה (ניתן לבחור את זמן המשלוח בשלב סיום הקניה) עברית", source: https://d226b0iufwcjmj.cloudfront.net/frontend/0.1.976/vendors.js (3)
[0525/190326.532:INFO:CONSOLE:3] "ניתן לבחור את זמן המשלוח בשלב סיום הקניה (ניתן לבחור את זמן המשלוח בשלב סיום הקניה) עברית", source: https://d226b0iufwcjmj.cloudfront.net/frontend/0.1.976/vendors.js (3)
[0525/190326.903:INFO:CONSOLE:3] "ניתן לבחור את זמן המשלוח בשלב סיום הקניה (ניתן לבחור את זמן המשלוח בשלב סיום הקניה) עברית", source: https://d226b0iufwcjmj.cloudfront.net/frontend/0.1.976/vendors.js (3)
[0525/190326.903:INFO:CONSOLE:3] "ניתן לבחור את זמן המשלוח בשלב סיום הקניה (ניתן לבחור את זמן המשלוח בשלב סיום הקניה) עברית", source: https://d226b0iufwcjmj.cloudfront.net/frontend/0.1.976/vendors.js (3)
[0525/190326.903:INFO:CONSOLE:3] "ניתן לבחור את זמן המשלוח בשלב סיום הקניה (ניתן לבחור את זמן המשלוח בשלב סיום הקניה) עברית", source: https://d226b0iufwcjmj.cloudfront.net/frontend/0.1.976/vendors.js (3)
[0525/190326.907:INFO:CONSOLE:3] "ניתן לבחור את זמן המשלוח בשלב סיום הקניה (ניתן לבחור את זמן המשלוח בשלב סיום הקניה) עברית", source: https://d226b0iufwcjmj.cloudfront.net/frontend/0.1.976/vendors.js (3)
[0525/190326.908:INFO:CONSOLE:3] "ניתן לבחור את זמן המשלוח בשלב סיום הקניה (ניתן לבחור את זמן המשלוח בשלב סיום הקניה) עברית", source: https://d226b0iufwcjmj.cloudfront.net/frontend/0.1.976/vendors.js (3)
[0525/190326.908:INFO:CONSOLE:3] "ניתן לבחור את זמן המשלוח בשלב סיום הקניה (ניתן לבחור את זמן המשלוח בשלב סיום הקניה) עברית", source: https://d226b0iufwcjmj.cloudfront.net/frontend/0.1.976/vendors.js (3)
[0525/190326.921:INFO:CONSOLE:3] "ניתן לבחור את זמן המשלוח בשלב סיום הקניה (ניתן לבחור את זמן המשלוח בשלב סיום הקניה) עברית", source: https://d226b0iufwcjmj.cloudfront.net/frontend/0.1.976/vendors.js (3)
[0525/190326.921:INFO:CONSOLE:3] "ניתן לבחור את זמן המשלוח בשלב סיום הקניה (ניתן לבחור את זמן המשלוח בשלב סיום הקניה) עברית", source: https://d226b0iufwcjmj.cloudfront.net/frontend/0.1.976/vendors.js (3)
[0525/190326.921:INFO:CONSOLE:3] "ניתן לבחור את זמן המשלוח בשלב סיום הקניה (ניתן לבחור את זמן המשלוח בשלב סיום הקניה) עברית", source: https://d226b0iufwcjmj.cloudfront.net/frontend/0.1.976/vendors.js (3)
[0525/190326.942:INFO:CONSOLE:3] "ניתן לבחור את זמן המשלוח בשלב סיום הקניה (ניתן לבחור את זמן המשלוח בשלב סיום הקניה) עברית", source: https://d226b0iufwcjmj.cloudfront.net/frontend/0.1.976/vendors.js (3)
[0525/190326.942:INFO:CONSOLE:3] "ניתן לבחור את זמן המשלוח בשלב סיום הקניה (ניתן לבחור את זמן המשלוח בשלב סיום הקניה) עברית", source: https://d226b0iufwcjmj.cloudfront.net/frontend/0.1.976/vendors.js (3)
[0525/190326.943:INFO:CONSOLE:3] "ניתן לבחור את זמן המשלוח בשלב סיום הקניה (ניתן לבחור את זמן המשלוח בשלב סיום הקניה) עברית", source: https://d226b0iufwcjmj.cloudfront.net/frontend/0.1.976/vendors.js (3)
[0525/190326.949:INFO:CONSOLE:3] "ניתן לבחור את זמן המשלוח בשלב סיום הקניה (ניתן לבחור את זמן המשלוח בשלב סיום הקניה) עברית", source: https://d226b0iufwcjmj.cloudfront.net/frontend/0.1.976/vendors.js (3)
[0525/190326.950:INFO:CONSOLE:3] "ניתן לבחור את זמן המשלוח בשלב סיום הקניה (ניתן לבחור את זמן המשלוח בשלב סיום הקניה) עברית", source: https://d226b0iufwcjmj.cloudfront.net/frontend/0.1.976/vendors.js (3)
[0525/190326.950:INFO:CONSOLE:3] "ניתן לבחור את זמן המשלוח בשלב סיום הקניה (ניתן לבחור את זמן המשלוח בשלב סיום הקניה) עברית", source: https://d226b0iufwcjmj.cloudfront.net/frontend/0.1.976/vendors.js (3)
[0525/190327.227:INFO:CONSOLE:3] "ניתן לבחור את זמן המשלוח בשלב סיום הקניה (ניתן לבחור את זמן המשלוח בשלב סיום הקניה) עברית", source: https://d226b0iufwcjmj.cloudfront.net/frontend/0.1.976/vendors.js (3)
[0525/190327.228:INFO:CONSOLE:3] "ניתן לבחור את זמן המשלוח בשלב סיום הקניה (ניתן לבחור את זמן המשלוח בשלב סיום הקניה) עברית", source: https://d226b0iufwcjmj.cloudfront.net/frontend/0.1.976/vendors.js (3)
[0525/190327.228:INFO:CONSOLE:3] "ניתן לבחור את זמן המשלוח בשלב סיום הקניה (ניתן לבחור את זמן המשלוח בשלב סיום הקניה) עברית", source: https://d226b0iufwcjmj.cloudfront.net/frontend/0.1.976/vendors.js (3)
[0525/190327.231:INFO:CONSOLE:3] "ניתן לבחור את זמן המשלוח בשלב סיום הקניה (ניתן לבחור את זמן המשלוח בשלב סיום הקניה) עברית", source: https://d226b0iufwcjmj.cloudfront.net/frontend/0.1.976/vendors.js (3)
[0525/190327.231:INFO:CONSOLE:3] "ניתן לבחור את זמן המשלוח בשלב סיום הקניה (ניתן לבחור את זמן המשלוח בשלב סיום הקניה) עברית", source: https://d226b0iufwcjmj.cloudfront.net/frontend/0.1.976/vendors.js (3)
[0525/190327.231:INFO:CONSOLE:3] "ניתן לבחור את זמן המשלוח בשלב סיום הקניה (ניתן לבחור את זמן המשלוח בשלב סיום הקניה) עברית", source: https://d226b0iufwcjmj.cloudfront.net/frontend/0.1.976/vendors.js (3)
[0525/190327.434:INFO:CONSOLE:3] "ניתן לבחור את זמן המשלוח בשלב סיום הקניה (ניתן לבחור את זמן המשלוח בשלב סיום הקניה) עברית", source: https://d226b0iufwcjmj.cloudfront.net/frontend/0.1.976/vendors.js (3)
[0525/190327.434:INFO:CONSOLE:3] "ניתן לבחור את זמן המשלוח בשלב סיום הקניה (ניתן לבחור את זמן המשלוח בשלב סיום הקניה) עברית", source: https://d226b0iufwcjmj.cloudfront.net/frontend/0.1.976/vendors.js (3)
[0525/190327.434:INFO:CONSOLE:3] "ניתן לבחור את זמן המשלוח בשלב סיום הקניה (ניתן לבחור את זמן המשלוח בשלב סיום הקניה) עברית", source: https://d226b0iufwcjmj.cloudfront.net/frontend/0.1.976/vendors.js (3)
[0525/190329.776:INFO:CONSOLE:3] "ניתן לבחור את זמן המשלוח בשלב סיום הקניה (ניתן לבחור את זמן המשלוח בשלב סיום הקניה) עברית", source: https://d226b0iufwcjmj.cloudfront.net/frontend/0.1.976/vendors.js (3)
[0525/190329.777:INFO:CONSOLE:3] "ניתן לבחור את זמן המשלוח בשלב סיום הקניה (ניתן לבחור את זמן המשלוח בשלב סיום הקניה) עברית", source: https://d226b0iufwcjmj.cloudfront.net/frontend/0.1.976/vendors.js (3)
[0525/190329.777:INFO:CONSOLE:3] "ניתן לבחור את זמן המשלוח בשלב סיום הקניה (ניתן לבחור את זמן המשלוח בשלב סיום הקניה) עברית", source: https://d226b0iufwcjmj.cloudfront.net/frontend/0.1.976/vendors.js (3)
[0525/190329.780:INFO:CONSOLE:3] "ניתן לבחור את זמן המשלוח בשלב סיום הקניה (ניתן לבחור את זמן המשלוח בשלב סיום הקניה) עברית", source: https://d226b0iufwcjmj.cloudfront.net/frontend/0.1.976/vendors.js (3)
[0525/190329.780:INFO:CONSOLE:3] "ניתן לבחור את זמן המשלוח בשלב סיום הקניה (ניתן לבחור את זמן המשלוח בשלב סיום הקניה) עברית", source: https://d226b0iufwcjmj.cloudfront.net/frontend/0.1.976/vendors.js (3)
[0525/190329.780:INFO:CONSOLE:3] "ניתן לבחור את זמן המשלוח בשלב סיום הקניה (ניתן לבחור את זמן המשלוח בשלב סיום הקניה) עברית", source: https://d226b0iufwcjmj.cloudfront.net/frontend/0.1.976/vendors.js (3)
[0525/190329.784:INFO:CONSOLE:3] "ניתן לבחור את זמן המשלוח בשלב סיום הקניה (ניתן לבחור את זמן המשלוח בשלב סיום הקניה) עברית", source: https://d226b0iufwcjmj.cloudfront.net/frontend/0.1.976/vendors.js (3)
[0525/190329.784:INFO:CONSOLE:3] "ניתן לבחור את זמן המשלוח בשלב סיום הקניה (ניתן לבחור את זמן המשלוח בשלב סיום הקניה) עברית", source: https://d226b0iufwcjmj.cloudfront.net/frontend/0.1.976/vendors.js (3)
[0525/190329.784:INFO:CONSOLE:3] "ניתן לבחור את זמן המשלוח בשלב סיום הקניה (ניתן לבחור את זמן המשלוח בשלב סיום הקניה) עברית", source: https://d226b0iufwcjmj.cloudfront.net/frontend/0.1.976/vendors.js (3)
[0525/190329.787:INFO:CONSOLE:3] "ניתן לבחור את זמן המשלוח בשלב סיום הקניה (ניתן לבחור את זמן המשלוח בשלב סיום הקניה) עברית", source: https://d226b0iufwcjmj.cloudfront.net/frontend/0.1.976/vendors.js (3)
[0525/190329.787:INFO:CONSOLE:3] "ניתן לבחור את זמן המשלוח בשלב סיום הקניה (ניתן לבחור את זמן המשלוח בשלב סיום הקניה) עברית", source: https://d226b0iufwcjmj.cloudfront.net/frontend/0.1.976/vendors.js (3)
[0525/190329.787:INFO:CONSOLE:3] "ניתן לבחור את זמן המשלוח בשלב סיום הקניה (ניתן לבחור את זמן המשלוח בשלב סיום הקניה) עברית", source: https://d226b0iufwcjmj.cloudfront.net/frontend/0.1.976/vendors.js (3)
[0525/190329.796:INFO:CONSOLE:3] "ניתן לבחור את זמן המשלוח בשלב סיום הקניה (ניתן לבחור את זמן המשלוח בשלב סיום הקניה) עברית", source: https://d226b0iufwcjmj.cloudfront.net/frontend/0.1.976/vendors.js (3)
[0525/190329.797:INFO:CONSOLE:3] "ניתן לבחור את זמן המשלוח בשלב סיום הקניה (ניתן לבחור את זמן המשלוח בשלב סיום הקניה) עברית", source: https://d226b0iufwcjmj.cloudfront.net/frontend/0.1.976/vendors.js (3)
[0525/190329.797:INFO:CONSOLE:3] "ניתן לבחור את זמן המשלוח בשלב סיום הקניה (ניתן לבחור את זמן המשלוח בשלב סיום הקניה) עברית", source: https://d226b0iufwcjmj.cloudfront.net/frontend/0.1.976/vendors.js (3)
[0525/190329.832:INFO:CONSOLE:3] "ניתן לבחור את זמן המשלוח בשלב סיום הקניה (ניתן לבחור את זמן המשלוח בשלב סיום הקניה) עברית", source: https://d226b0iufwcjmj.cloudfront.net/frontend/0.1.976/vendors.js (3)
[0525/190329.832:INFO:CONSOLE:3] "ניתן לבחור את זמן המשלוח בשלב סיום הקניה (ניתן לבחור את זמן המשלוח בשלב סיום הקניה) עברית", source: https://d226b0iufwcjmj.cloudfront.net/frontend/0.1.976/vendors.js (3)
[0525/190329.832:INFO:CONSOLE:3] "ניתן לבחור את זמן המשלוח בשלב סיום הקניה (ניתן לבחור את זמן המשלוח בשלב סיום הקניה) עברית", source: https://d226b0iufwcjmj.cloudfront.net/frontend/0.1.976/vendors.js (3)
[0525/190329.836:INFO:CONSOLE:3] "ניתן לבחור את זמן המשלוח בשלב סיום הקניה (ניתן לבחור את זמן המשלוח בשלב סיום הקניה) עברית", source: https://d226b0iufwcjmj.cloudfront.net/frontend/0.1.976/vendors.js (3)
[0525/190329.836:INFO:CONSOLE:3] "ניתן לבחור את זמן המשלוח בשלב סיום הקניה (ניתן לבחור את זמן המשלוח בשלב סיום הקניה) עברית", source: https://d226b0iufwcjmj.cloudfront.net/frontend/0.1.976/vendors.js (3)
[0525/190329.836:INFO:CONSOLE:3] "ניתן לבחור את זמן המשלוח בשלב סיום הקניה (ניתן לבחור את זמן המשלוח בשלב סיום הקניה) עברית", source: https://d226b0iufwcjmj.cloudfront.net/frontend/0.1.976/vendors.js (3)
[0525/190329.839:INFO:CONSOLE:3] "ניתן לבחור את זמן המשלוח בשלב סיום הקניה (ניתן לבחור את זמן המשלוח בשלב סיום הקניה) עברית", source: https://d226b0iufwcjmj.cloudfront.net/frontend/0.1.976/vendors.js (3)
[0525/190329.839:INFO:CONSOLE:3] "ניתן לבחור את זמן המשלוח בשלב סיום הקניה (ניתן לבחור את זמן המשלוח בשלב סיום הקניה) עברית", source: https://d226b0iufwcjmj.cloudfront.net/frontend/0.1.976/vendors.js (3)
[0525/190329.839:INFO:CONSOLE:3] "ניתן לבחור את זמן המשלוח בשלב סיום הקניה (ניתן לבחור את זמן המשלוח בשלב סיום הקניה) עברית", source: https://d226b0iufwcjmj.cloudfront.net/frontend/0.1.976/vendors.js (3)
[0525/190329.842:INFO:CONSOLE:3] "ניתן לבחור את זמן המשלוח בשלב סיום הקניה (ניתן לבחור את זמן המשלוח בשלב סיום הקניה) עברית", source: https://d226b0iufwcjmj.cloudfront.net/frontend/0.1.976/vendors.js (3)
[0525/190329.842:INFO:CONSOLE:3] "ניתן לבחור את זמן המשלוח בשלב סיום הקניה (ניתן לבחור את זמן המשלוח בשלב סיום הקניה) עברית", source: https://d226b0iufwcjmj.cloudfront.net/frontend/0.1.976/vendors.js (3)
[0525/190329.842:INFO:CONSOLE:3] "ניתן לבחור את זמן המשלוח בשלב סיום הקניה (ניתן לבחור את זמן המשלוח בשלב סיום הקניה) עברית", source: https://d226b0iufwcjmj.cloudfront.net/frontend/0.1.976/vendors.js (3)
[0525/190329.845:INFO:CONSOLE:3] "ניתן לבחור את זמן המשלוח בשלב סיום הקניה (ניתן לבחור את זמן המשלוח בשלב סיום הקניה) עברית", source: https://d226b0iufwcjmj.cloudfront.net/frontend/0.1.976/vendors.js (3)
[0525/190329.845:INFO:CONSOLE:3] "ניתן לבחור את זמן המשלוח בשלב סיום הקניה (ניתן לבחור את זמן המשלוח בשלב סיום הקניה) עברית", source: https://d226b0iufwcjmj.cloudfront.net/frontend/0.1.976/vendors.js (3)
[0525/190329.845:INFO:CONSOLE:3] "ניתן לבחור את זמן המשלוח בשלב סיום הקניה (ניתן לבחור את זמן המשלוח בשלב סיום הקניה) עברית", source: https://d226b0iufwcjmj.cloudfront.net/frontend/0.1.976/vendors.js (3)
[0525/190329.896:INFO:CONSOLE:3] "ניתן לבחור את זמן המשלוח בשלב סיום הקניה (ניתן לבחור את זמן המשלוח בשלב סיום הקניה) עברית", source: https://d226b0iufwcjmj.cloudfront.net/frontend/0.1.976/vendors.js (3)
[0525/190329.896:INFO:CONSOLE:3] "ניתן לבחור את זמן המשלוח בשלב סיום הקניה (ניתן לבחור את זמן המשלוח בשלב סיום הקניה) עברית", source: https://d226b0iufwcjmj.cloudfront.net/frontend/0.1.976/vendors.js (3)
[0525/190329.896:INFO:CONSOLE:3] "ניתן לבחור את זמן המשלוח בשלב סיום הקניה (ניתן לבחור את זמן המשלוח בשלב סיום הקניה) עברית", source: https://d226b0iufwcjmj.cloudfront.net/frontend/0.1.976/vendors.js (3)
[0525/190330.422:INFO:CONSOLE:3] "ניתן לבחור את זמן המשלוח בשלב סיום הקניה (ניתן לבחור את זמן המשלוח בשלב סיום הקניה) עברית", source: https://d226b0iufwcjmj.cloudfront.net/frontend/0.1.976/vendors.js (3)
[0525/190330.422:INFO:CONSOLE:3] "ניתן לבחור את זמן המשלוח בשלב סיום הקניה (ניתן לבחור את זמן המשלוח בשלב סיום הקניה) עברית", source: https://d226b0iufwcjmj.cloudfront.net/frontend/0.1.976/vendors.js (3)
[0525/190330.422:INFO:CONSOLE:3] "ניתן לבחור את זמן המשלוח בשלב סיום הקניה (ניתן לבחור את זמן המשלוח בשלב סיום הקניה) עברית", source: https://d226b0iufwcjmj.cloudfront.net/frontend/0.1.976/vendors.js (3)
[0525/190330.563:INFO:CONSOLE:3] "ניתן לבחור את זמן המשלוח בשלב סיום הקניה (ניתן לבחור את זמן המשלוח בשלב סיום הקניה) עברית", source: https://d226b0iufwcjmj.cloudfront.net/frontend/0.1.976/vendors.js (3)
[0525/190330.564:INFO:CONSOLE:3] "ניתן לבחור את זמן המשלוח בשלב סיום הקניה (ניתן לבחור את זמן המשלוח בשלב סיום הקניה) עברית", source: https://d226b0iufwcjmj.cloudfront.net/frontend/0.1.976/vendors.js (3)
[0525/190330.564:INFO:CONSOLE:3] "ניתן לבחור את זמן המשלוח בשלב סיום הקניה (ניתן לבחור את זמן המשלוח בשלב סיום הקניה) עברית", source: https://d226b0iufwcjmj.cloudfront.net/frontend/0.1.976/vendors.js (3)
[0525/190330.566:INFO:CONSOLE:3] "ניתן לבחור את זמן המשלוח בשלב סיום הקניה (ניתן לבחור את זמן המשלוח בשלב סיום הקניה) עברית", source: https://d226b0iufwcjmj.cloudfront.net/frontend/0.1.976/vendors.js (3)
[0525/190330.567:INFO:CONSOLE:3] "ניתן לבחור את זמן המשלוח בשלב סיום הקניה (ניתן לבחור את זמן המשלוח בשלב סיום הקניה) עברית", source: https://d226b0iufwcjmj.cloudfront.net/frontend/0.1.976/vendors.js (3)
[0525/190330.567:INFO:CONSOLE:3] "ניתן לבחור את זמן המשלוח בשלב סיום הקניה (ניתן לבחור את זמן המשלוח בשלב סיום הקניה) עברית", source: https://d226b0iufwcjmj.cloudfront.net/frontend/0.1.976/vendors.js (3)
[0525/190330.569:INFO:CONSOLE:3] "ניתן לבחור את זמן המשלוח בשלב סיום הקניה (ניתן לבחור את זמן המשלוח בשלב סיום הקניה) עברית", source: https://d226b0iufwcjmj.cloudfront.net/frontend/0.1.976/vendors.js (3)
[0525/190330.569:INFO:CONSOLE:3] "ניתן לבחור את זמן המשלוח בשלב סיום הקניה (ניתן לבחור את זמן המשלוח בשלב סיום הקניה) עברית", source: https://d226b0iufwcjmj.cloudfront.net/frontend/0.1.976/vendors.js (3)
[0525/190330.570:INFO:CONSOLE:3] "ניתן לבחור את זמן המשלוח בשלב סיום הקניה (ניתן לבחור את זמן המשלוח בשלב סיום הקניה) עברית", source: https://d226b0iufwcjmj.cloudfront.net/frontend/0.1.976/vendors.js (3)
[0525/190330.572:INFO:CONSOLE:3] "ניתן לבחור את זמן המשלוח בשלב סיום הקניה (ניתן לבחור את זמן המשלוח בשלב סיום הקניה) עברית", source: https://d226b0iufwcjmj.cloudfront.net/frontend/0.1.976/vendors.js (3)
[0525/190330.572:INFO:CONSOLE:3] "ניתן לבחור את זמן המשלוח בשלב סיום הקניה (ניתן לבחור את זמן המשלוח בשלב סיום הקניה) עברית", source: https://d226b0iufwcjmj.cloudfront.net/frontend/0.1.976/vendors.js (3)
[0525/190330.572:INFO:CONSOLE:3] "ניתן לבחור את זמן המשלוח בשלב סיום הקניה (ניתן לבחור את זמן המשלוח בשלב סיום הקניה) עברית", source: https://d226b0iufwcjmj.cloudfront.net/frontend/0.1.976/vendors.js (3)
[0525/190330.583:INFO:CONSOLE:3] "ניתן לבחור את זמן המשלוח בשלב סיום הקניה (ניתן לבחור את זמן המשלוח בשלב סיום הקניה) עברית", source: https://d226b0iufwcjmj.cloudfront.net/frontend/0.1.976/vendors.js (3)
[0525/190330.583:INFO:CONSOLE:3] "ניתן לבחור את זמן המשלוח בשלב סיום הקניה (ניתן לבחור את זמן המשלוח בשלב סיום הקניה) עברית", source: https://d226b0iufwcjmj.cloudfront.net/frontend/0.1.976/vendors.js (3)
[0525/190330.583:INFO:CONSOLE:3] "ניתן לבחור את זמן המשלוח בשלב סיום הקניה (ניתן לבחור את זמן המשלוח בשלב סיום הקניה) עברית", source: https://d226b0iufwcjmj.cloudfront.net/frontend/0.1.976/vendors.js (3)
[0525/190330.614:INFO:CONSOLE:3] "ניתן לבחור את זמן המשלוח בשלב סיום הקניה (ניתן לבחור את זמן המשלוח בשלב סיום הקניה) עברית", source: https://d226b0iufwcjmj.cloudfront.net/frontend/0.1.976/vendors.js (3)
[0525/190330.614:INFO:CONSOLE:3] "ניתן לבחור את זמן המשלוח בשלב סיום הקניה (ניתן לבחור את זמן המשלוח בשלב סיום הקניה) עברית", source: https://d226b0iufwcjmj.cloudfront.net/frontend/0.1.976/vendors.js (3)
[0525/190330.614:INFO:CONSOLE:3] "ניתן לבחור את זמן המשלוח בשלב סיום הקניה (ניתן לבחור את זמן המשלוח בשלב סיום הקניה) עברית", source: https://d226b0iufwcjmj.cloudfront.net/frontend/0.1.976/vendors.js (3)
[0525/190330.617:INFO:CONSOLE:3] "ניתן לבחור את זמן המשלוח בשלב סיום הקניה (ניתן לבחור את זמן המשלוח בשלב סיום הקניה) עברית", source: https://d226b0iufwcjmj.cloudfront.net/frontend/0.1.976/vendors.js (3)
[0525/190330.618:INFO:CONSOLE:3] "ניתן לבחור את זמן המשלוח בשלב סיום הקניה (ניתן לבחור את זמן המשלוח בשלב סיום הקניה) עברית", source: https://d226b0iufwcjmj.cloudfront.net/frontend/0.1.976/vendors.js (3)
[0525/190330.618:INFO:CONSOLE:3] "ניתן לבחור את זמן המשלוח בשלב סיום הקניה (ניתן לבחור את זמן המשלוח בשלב סיום הקניה) עברית", source: https://d226b0iufwcjmj.cloudfront.net/frontend/0.1.976/vendors.js (3)
[0525/190330.621:INFO:CONSOLE:3] "ניתן לבחור את זמן המשלוח בשלב סיום הקניה (ניתן לבחור את זמן המשלוח בשלב סיום הקניה) עברית", source: https://d226b0iufwcjmj.cloudfront.net/frontend/0.1.976/vendors.js (3)
[0525/190330.621:INFO:CONSOLE:3] "ניתן לבחור את זמן המשלוח בשלב סיום הקניה (ניתן לבחור את זמן המשלוח בשלב סיום הקניה) עברית", source: https://d226b0iufwcjmj.cloudfront.net/frontend/0.1.976/vendors.js (3)
[0525/190330.621:INFO:CONSOLE:3] "ניתן לבחור את זמן המשלוח בשלב סיום הקניה (ניתן לבחור את זמן המשלוח בשלב סיום הקניה) עברית", source: https://d226b0iufwcjmj.cloudfront.net/frontend/0.1.976/vendors.js (3)
[0525/190330.624:INFO:CONSOLE:3] "ניתן לבחור את זמן המשלוח בשלב סיום הקניה (ניתן לבחור את זמן המשלוח בשלב סיום הקניה) עברית", source: https://d226b0iufwcjmj.cloudfront.net/frontend/0.1.976/vendors.js (3)
[0525/190330.624:INFO:CONSOLE:3] "ניתן לבחור את זמן המשלוח בשלב סיום הקניה (ניתן לבחור את זמן המשלוח בשלב סיום הקניה) עברית", source: https://d226b0iufwcjmj.cloudfront.net/frontend/0.1.976/vendors.js (3)
[0525/190330.624:INFO:CONSOLE:3] "ניתן לבחור את זמן המשלוח בשלב סיום הקניה (ניתן לבחור את זמן המשלוח בשלב סיום הקניה) עברית", source: https://d226b0iufwcjmj.cloudfront.net/frontend/0.1.976/vendors.js (3)
[0525/190331.122:INFO:CONSOLE:3] "ניתן לבחור את זמן המשלוח בשלב סיום הקניה (ניתן לבחור את זמן המשלוח בשלב סיום הקניה) עברית", source: https://d226b0iufwcjmj.cloudfront.net/frontend/0.1.976/vendors.js (3)
[0525/190331.122:INFO:CONSOLE:3] "ניתן לבחור את זמן המשלוח בשלב סיום הקניה (ניתן לבחור את זמן המשלוח בשלב סיום הקניה) עברית", source: https://d226b0iufwcjmj.cloudfront.net/frontend/0.1.976/vendors.js (3)
[0525/190331.122:INFO:CONSOLE:3] "ניתן לבחור את זמן המשלוח בשלב סיום הקניה (ניתן לבחור את זמן המשלוח בשלב סיום הקניה) עברית", source: https://d226b0iufwcjmj.cloudfront.net/frontend/0.1.976/vendors.js (3)
